{
  "meta": {
    "version": "7.6.1",
    "timestamp": "2026-06-13T10:00:00.000000",
    "branch_coverage": false,
    "show_contexts": false
  },
  "files": {
    "src_alta/app.py": {
      "executed_lines": [1, 2, 4, 5],
      "summary": {
        "covered_lines": 4,
        "num_statements": 10,
        "percent_covered": 40.0,
        "missing_lines": 6,
        "excluded_lines": 0
      },
      "missing_lines": [7, 8, 10, 11, 13, 14],
      "excluded_lines": []
    }
  },
  "totals": {
    "covered_lines": 4,
    "num_statements": 10,
    "percent_covered": 40.0,
    "missing_lines": 6,
    "excluded_lines": 0
  }
}
